{
  "aggregate": {
    "counters": {
      "core.vusers.created_by_name.Busqueda info": 5000,
      "core.vusers.created.total": 5000,
      "engine.http.requests": 5000,
      "engine.http.codes.200": 5000,
      "engine.http.responses": 5000,
      "core.vusers.completed": 5000
    },
    "histograms": {
      "engine.http.response_time": {
        "mapping": {
          "relativeAccuracy": 0.009999999999999957,
          "_offset": 0,
          "gamma": 1.02020202020202,
          "_multiplier": 34.65620375188833,
          "minPossible": 1.135012422773875e-308,
          "maxPossible": 1.7620952510036562e+308
        },
        "store": {
          "chunkSize": 128,
          "bins": [
            0,
            0,
            0,
            0,
            0,
            0,
            0,
            0,
            0,
            0,
            0,
            0,
            0,
            0,
            0,
            0,
            0,
            0,
            0,
            0,
            0,
            0,
            0,
            0,
            0,
            0,
            0,
            0,
            0,
            0,
            0,
            0,
            0,
            0,
            0,
            0,
            0,
            0,
            0,
            0,
            0,
            0,
            0,
            0,
            0,
            0,
            0,
            0,
            0,
            0,
            0,
            0,
            0,
            0,
            0,
            0,
            0,
            0,
            0,
            0,
            0,
            0,
            0,
            0,
            0,
            0,
            0,
            0,
            0,
            5,
            2,
            0,
            0,
            0,
            0,
            0,
            0,
            0,
            0,
            0,
            0,
            0,
            0,
            0,
            0,
            0,
            0,
            0,
            0,
            0,
            0,
            0,
            0,
            0,
            0,
            0,
            2,
            39,
            5,
            17,
            12,
            0,
            0,
            0,
            0,
            0,
            0,
            0,
            0,
            12,
            1,
            0,
            0,
            0,
            0,
            0,
            0,
            0,
            0,
            0,
            40,
            73,
            0,
            0,
            0,
            0,
            0,
            0,
            32,
            0,
            0,
            0,
            0,
            0,
            0,
            0,
            0,
            0,
            0,
            103,
            0,
            0,
            0,
            150,
            1,
            0,
            0,
            0,
            0,
            89,
            14,
            227,
            310,
            260,
            0,
            150,
            222,
            136,
            55,
            516,
            424,
            487,
            874,
            646,
            96,
            0,
            0,
            0,
            0,
            0,
            0,
            0,
            0,
            0,
            0,
            0,
            0,
            0,
            0,
            0,
            0,
            0,
            0,
            0,
            0,
            0,
            0,
            0,
            0,
            0,
            0,
            0,
            0,
            0,
            0,
            0,
            0,
            0,
            0,
            0,
            0,
            0,
            0,
            0,
            0,
            0,
            0,
            0,
            0,
            0,
            0,
            0,
            0,
            0,
            0,
            0,
            0,
            0,
            0,
            0,
            0,
            0,
            0,
            0,
            0,
            0,
            0,
            0,
            0,
            0,
            0,
            0,
            0,
            0,
            0,
            0,
            0,
            0,
            0,
            0,
            0,
            0,
            0,
            0,
            0,
            0,
            0,
            0,
            0,
            0,
            0,
            0,
            0,
            0,
            0,
            0
          ],
          "count": 5000,
          "minKey": 282,
          "maxKey": 537,
          "offset": 282
        },
        "negativeStore": {
          "chunkSize": 128,
          "bins": [],
          "count": 0,
          "minKey": null,
          "maxKey": null,
          "offset": 0
        },
        "zeroCount": 0,
        "count": 5000,
        "min": 1112,
        "max": 7391,
        "sum": 31988699
      },
      "core.vusers.session_length": {
        "mapping": {
          "relativeAccuracy": 0.009999999999999957,
          "_offset": 0,
          "gamma": 1.02020202020202,
          "_multiplier": 34.65620375188833,
          "minPossible": 1.135012422773875e-308,
          "maxPossible": 1.7620952510036562e+308
        },
        "store": {
          "chunkSize": 128,
          "bins": [
            0,
            0,
            0,
            0,
            0,
            0,
            0,
            0,
            0,
            0,
            0,
            0,
            0,
            0,
            0,
            0,
            0,
            0,
            0,
            0,
            0,
            0,
            0,
            0,
            0,
            0,
            0,
            0,
            0,
            0,
            0,
            0,
            0,
            0,
            0,
            0,
            0,
            0,
            0,
            0,
            0,
            0,
            0,
            0,
            0,
            0,
            0,
            0,
            0,
            0,
            0,
            0,
            0,
            0,
            0,
            0,
            0,
            0,
            0,
            0,
            0,
            0,
            0,
            0,
            0,
            2,
            5,
            0,
            0,
            0,
            0,
            0,
            0,
            0,
            0,
            0,
            0,
            0,
            0,
            0,
            0,
            0,
            0,
            0,
            0,
            0,
            0,
            0,
            0,
            0,
            0,
            0,
            24,
            21,
            14,
            16,
            0,
            0,
            0,
            0,
            0,
            0,
            0,
            0,
            7,
            6,
            0,
            0,
            0,
            0,
            0,
            0,
            0,
            0,
            0,
            31,
            82,
            0,
            0,
            0,
            0,
            0,
            0,
            32,
            0,
            0,
            0,
            0,
            0,
            0,
            0,
            0,
            0,
            0,
            75,
            0,
            0,
            0,
            144,
            7,
            0,
            0,
            0,
            0,
            89,
            0,
            0,
            132,
            261,
            2,
            145,
            165,
            143,
            51,
            658,
            658,
            478,
            842,
            708,
            100,
            0,
            57,
            9,
            0,
            36,
            0,
            0,
            0,
            0,
            0,
            0,
            0,
            0,
            0,
            0,
            0,
            0,
            0,
            0,
            0,
            0,
            0,
            0,
            0,
            0,
            0,
            0,
            0,
            0,
            0,
            0,
            0,
            0,
            0,
            0,
            0,
            0,
            0,
            0,
            0,
            0,
            0,
            0,
            0,
            0,
            0,
            0,
            0,
            0,
            0,
            0,
            0,
            0,
            0,
            0,
            0,
            0,
            0,
            0,
            0,
            0,
            0,
            0,
            0,
            0,
            0,
            0,
            0,
            0,
            0,
            0,
            0,
            0,
            0,
            0,
            0,
            0,
            0,
            0,
            0,
            0,
            0,
            0,
            0,
            0,
            0,
            0,
            0,
            0,
            0,
            0,
            0,
            0,
            0,
            0,
            0
          ],
          "count": 5000,
          "minKey": 287,
          "maxKey": 542,
          "offset": 287
        },
        "negativeStore": {
          "chunkSize": 128,
          "bins": [],
          "count": 0,
          "minKey": null,
          "maxKey": null,
          "offset": 0
        },
        "zeroCount": 0,
        "count": 5000,
        "min": 1127.61482,
        "max": 8145.915811,
        "sum": 32651595.700540997
      }
    },
    "rates": {
      "engine.http.request_rate": 505
    },
    "engine.http.request_rate": null,
    "firstCounterAt": 1638832421562,
    "firstHistogramAt": 1638832422704,
    "lastCounterAt": 1638832432955,
    "lastHistogramAt": 1638832432955,
    "firstMetricAt": 1638832421562,
    "lastMetricAt": 1638832432955,
    "period": 1638832430000,
    "summaries": {
      "engine.http.response_time": {
        "min": 1112,
        "max": 7391,
        "count": 5000,
        "p50": 6838,
        "median": 6838,
        "p75": 7117,
        "p90": 7260.8,
        "p95": 7260.8,
        "p99": 7407.5,
        "p999": 7407.5
      },
      "core.vusers.session_length": {
        "min": 1127.6,
        "max": 8145.9,
        "count": 5000,
        "p50": 6838,
        "median": 6838,
        "p75": 7117,
        "p90": 7260.8,
        "p95": 7260.8,
        "p99": 7709.8,
        "p999": 8186.6
      }
    }
  },
  "intermediate": [
    {
      "counters": {
        "core.vusers.created_by_name.Busqueda info": 5000,
        "core.vusers.created.total": 5000,
        "engine.http.requests": 5000,
        "engine.http.codes.200": 1635,
        "engine.http.responses": 1635,
        "core.vusers.completed": 1635
      },
      "histograms": {
        "engine.http.response_time": {
          "mapping": {
            "relativeAccuracy": 0.009999999999999957,
            "_offset": 0,
            "gamma": 1.02020202020202,
            "_multiplier": 34.65620375188833,
            "minPossible": 1.135012422773875e-308,
            "maxPossible": 1.7620952510036562e+308
          },
          "store": {
            "chunkSize": 128,
            "bins": [
              0,
              0,
              0,
              0,
              0,
              0,
              0,
              0,
              0,
              0,
              0,
              0,
              0,
              0,
              0,
              0,
              0,
              0,
              0,
              0,
              0,
              0,
              0,
              0,
              0,
              0,
              0,
              0,
              0,
              0,
              0,
              0,
              0,
              0,
              0,
              0,
              0,
              0,
              0,
              0,
              0,
              0,
              0,
              0,
              0,
              0,
              0,
              0,
              0,
              0,
              0,
              0,
              0,
              0,
              0,
              0,
              0,
              0,
              0,
              0,
              0,
              0,
              0,
              0,
              0,
              0,
              0,
              0,
              0,
              0,
              0,
              0,
              0,
              0,
              0,
              0,
              0,
              0,
              0,
              0,
              0,
              0,
              0,
              0,
              0,
              0,
              0,
              0,
              0,
              0,
              0,
              0,
              0,
              5,
              2,
              0,
              0,
              0,
              0,
              0,
              0,
              0,
              0,
              0,
              0,
              0,
              0,
              0,
              0,
              0,
              0,
              0,
              0,
              0,
              0,
              0,
              0,
              0,
              0,
              0,
              2,
              39,
              5,
              17,
              12,
              0,
              0,
              0,
              0,
              0,
              0,
              0,
              0,
              12,
              1,
              0,
              0,
              0,
              0,
              0,
              0,
              0,
              0,
              0,
              40,
              73,
              0,
              0,
              0,
              0,
              0,
              0,
              32,
              0,
              0,
              0,
              0,
              0,
              0,
              0,
              0,
              0,
              0,
              75,
              0,
              0,
              0,
              150,
              1,
              0,
              0,
              0,
              0,
              89,
              0,
              0,
              135,
              260,
              0,
              0,
              32,
              136,
              55,
              290,
              172,
              0,
              0,
              0,
              0,
              0,
              0,
              0,
              0,
              0,
              0,
              0,
              0,
              0,
              0,
              0,
              0,
              0,
              0,
              0,
              0,
              0,
              0,
              0,
              0,
              0,
              0,
              0,
              0,
              0,
              0,
              0,
              0,
              0,
              0,
              0,
              0,
              0,
              0,
              0,
              0,
              0,
              0,
              0,
              0,
              0,
              0,
              0,
              0,
              0,
              0,
              0,
              0,
              0,
              0,
              0,
              0,
              0,
              0,
              0,
              0,
              0,
              0,
              0,
              0,
              0,
              0,
              0,
              0,
              0,
              0,
              0
            ],
            "count": 1635,
            "minKey": 322,
            "maxKey": 450,
            "offset": 258
          },
          "negativeStore": {
            "chunkSize": 128,
            "bins": [],
            "count": 0,
            "minKey": null,
            "maxKey": null,
            "offset": 0
          },
          "zeroCount": 0,
          "count": 1635,
          "min": 1112,
          "max": 6859,
          "sum": 9103207
        },
        "core.vusers.session_length": {
          "mapping": {
            "relativeAccuracy": 0.009999999999999957,
            "_offset": 0,
            "gamma": 1.02020202020202,
            "_multiplier": 34.65620375188833,
            "minPossible": 1.135012422773875e-308,
            "maxPossible": 1.7620952510036562e+308
          },
          "store": {
            "chunkSize": 128,
            "bins": [
              0,
              0,
              0,
              0,
              0,
              0,
              0,
              0,
              0,
              0,
              0,
              0,
              0,
              0,
              0,
              0,
              0,
              0,
              0,
              0,
              0,
              0,
              0,
              0,
              0,
              0,
              0,
              0,
              0,
              2,
              5,
              0,
              0,
              0,
              0,
              0,
              0,
              0,
              0,
              0,
              0,
              0,
              0,
              0,
              0,
              0,
              0,
              0,
              0,
              0,
              0,
              0,
              0,
              0,
              0,
              0,
              24,
              21,
              14,
              16,
              0,
              0,
              0,
              0,
              0,
              0,
              0,
              0,
              7,
              6,
              0,
              0,
              0,
              0,
              0,
              0,
              0,
              0,
              0,
              31,
              82,
              0,
              0,
              0,
              0,
              0,
              0,
              32,
              0,
              0,
              0,
              0,
              0,
              0,
              0,
              0,
              0,
              0,
              75,
              0,
              0,
              0,
              144,
              7,
              0,
              0,
              0,
              0,
              89,
              0,
              0,
              132,
              261,
              2,
              0,
              25,
              143,
              51,
              271,
              195,
              0,
              0,
              0,
              0,
              0,
              0,
              0,
              0
            ],
            "count": 1635,
            "minKey": 323,
            "maxKey": 450,
            "offset": 323
          },
          "negativeStore": {
            "chunkSize": 128,
            "bins": [],
            "count": 0,
            "minKey": null,
            "maxKey": null,
            "offset": 0
          },
          "zeroCount": 0,
          "count": 1635,
          "min": 1127.61482,
          "max": 6870.560263,
          "sum": 9112011.694365002
        }
      },
      "rates": {
        "engine.http.request_rate": 1005
      },
      "engine.http.request_rate": null,
      "firstCounterAt": 1638832421562,
      "firstHistogramAt": 1638832422704,
      "lastCounterAt": 1638832429807,
      "lastHistogramAt": 1638832429807,
      "firstMetricAt": 1638832421562,
      "lastMetricAt": 1638832429807,
      "period": "1638832420000",
      "summaries": {
        "engine.http.response_time": {
          "min": 1112,
          "max": 6859,
          "count": 1635,
          "p50": 5944.6,
          "median": 5944.6,
          "p75": 6702.6,
          "p90": 6838,
          "p95": 6838,
          "p99": 6838,
          "p999": 6838
        },
        "core.vusers.session_length": {
          "min": 1127.6,
          "max": 6870.6,
          "count": 1635,
          "p50": 5944.6,
          "median": 5944.6,
          "p75": 6702.6,
          "p90": 6838,
          "p95": 6838,
          "p99": 6838,
          "p999": 6838
        }
      }
    },
    {
      "counters": {
        "engine.http.codes.200": 3365,
        "engine.http.responses": 3365,
        "core.vusers.completed": 3365
      },
      "histograms": {
        "engine.http.response_time": {
          "mapping": {
            "relativeAccuracy": 0.009999999999999957,
            "_offset": 0,
            "gamma": 1.02020202020202,
            "_multiplier": 34.65620375188833,
            "minPossible": 1.135012422773875e-308,
            "maxPossible": 1.7620952510036562e+308
          },
          "store": {
            "chunkSize": 128,
            "bins": [
              0,
              0,
              0,
              0,
              0,
              0,
              0,
              0,
              0,
              0,
              0,
              0,
              0,
              0,
              0,
              0,
              0,
              0,
              0,
              0,
              0,
              0,
              0,
              0,
              0,
              0,
              0,
              0,
              0,
              0,
              0,
              0,
              0,
              0,
              0,
              0,
              0,
              0,
              0,
              0,
              0,
              0,
              0,
              0,
              0,
              0,
              0,
              0,
              0,
              0,
              0,
              28,
              0,
              0,
              0,
              0,
              0,
              0,
              0,
              0,
              0,
              0,
              14,
              227,
              175,
              0,
              0,
              150,
              190,
              0,
              0,
              226,
              252,
              487,
              874,
              646,
              96,
              0,
              0,
              0,
              0,
              0,
              0,
              0,
              0,
              0,
              0,
              0,
              0,
              0,
              0,
              0,
              0,
              0,
              0,
              0,
              0,
              0,
              0,
              0,
              0,
              0,
              0,
              0,
              0,
              0,
              0,
              0,
              0,
              0,
              0,
              0,
              0,
              0,
              0,
              0,
              0,
              0,
              0,
              0,
              0,
              0,
              0,
              0,
              0,
              0,
              0,
              0
            ],
            "count": 3365,
            "minKey": 370,
            "maxKey": 497,
            "offset": 370
          },
          "negativeStore": {
            "chunkSize": 128,
            "bins": [],
            "count": 0,
            "minKey": null,
            "maxKey": null,
            "offset": 0
          },
          "zeroCount": 0,
          "count": 3365,
          "min": 4496,
          "max": 7391,
          "sum": 22885492
        },
        "core.vusers.session_length": {
          "mapping": {
            "relativeAccuracy": 0.009999999999999957,
            "_offset": 0,
            "gamma": 1.02020202020202,
            "_multiplier": 34.65620375188833,
            "minPossible": 1.135012422773875e-308,
            "maxPossible": 1.7620952510036562e+308
          },
          "store": {
            "chunkSize": 128,
            "bins": [
              0,
              0,
              0,
              0,
              0,
              0,
              0,
              0,
              0,
              0,
              0,
              0,
              0,
              0,
              0,
              0,
              0,
              0,
              0,
              0,
              0,
              0,
              0,
              0,
              0,
              0,
              0,
              0,
              0,
              0,
              0,
              0,
              0,
              0,
              0,
              0,
              0,
              0,
              0,
              0,
              0,
              0,
              0,
              0,
              0,
              0,
              0,
              0,
              0,
              0,
              0,
              0,
              0,
              0,
              0,
              0,
              0,
              145,
              140,
              0,
              0,
              387,
              463,
              478,
              842,
              708,
              100,
              0,
              57,
              9,
              0,
              36,
              0,
              0,
              0,
              0,
              0,
              0,
              0,
              0,
              0,
              0,
              0,
              0,
              0,
              0,
              0,
              0,
              0,
              0,
              0,
              0,
              0,
              0,
              0,
              0,
              0,
              0,
              0,
              0,
              0,
              0,
              0,
              0,
              0,
              0,
              0,
              0,
              0,
              0,
              0,
              0,
              0,
              0,
              0,
              0,
              0,
              0,
              0,
              0,
              0,
              0,
              0,
              0,
              0,
              0,
              0,
              0
            ],
            "count": 3365,
            "minKey": 380,
            "maxKey": 507,
            "offset": 380
          },
          "negativeStore": {
            "chunkSize": 128,
            "bins": [],
            "count": 0,
            "minKey": null,
            "maxKey": null,
            "offset": 0
          },
          "zeroCount": 0,
          "count": 3365,
          "min": 6175.42119,
          "max": 8145.915811,
          "sum": 23539584.006175995
        }
      },
      "rates": {},
      "firstCounterAt": 1638832430275,
      "firstHistogramAt": 1638832430275,
      "lastCounterAt": 1638832432955,
      "lastHistogramAt": 1638832432955,
      "firstMetricAt": 1638832430275,
      "lastMetricAt": 1638832432955,
      "period": "1638832430000",
      "summaries": {
        "engine.http.response_time": {
          "min": 4496,
          "max": 7391,
          "count": 3365,
          "p50": 6976.1,
          "median": 6976.1,
          "p75": 7117,
          "p90": 7260.8,
          "p95": 7260.8,
          "p99": 7407.5,
          "p999": 7407.5
        },
        "core.vusers.session_length": {
          "min": 6175.4,
          "max": 8145.9,
          "count": 3365,
          "p50": 7117,
          "median": 7117,
          "p75": 7260.8,
          "p90": 7260.8,
          "p95": 7407.5,
          "p99": 8186.6,
          "p999": 8186.6
        }
      }
    }
  ]
}